GAS LISTING C:\Users\Joe\AppData\Local\Temp\ccsPMs69.s 			page 1


   1               		.file	"DebugInterface.c"
   2               	__SP_H__ = 0x3e
   3               	__SP_L__ = 0x3d
   4               	__SREG__ = 0x3f
   5               	__tmp_reg__ = 0
   6               	__zero_reg__ = 1
   7               		.text
   8               	.Ltext0:
   9               		.cfi_sections	.debug_frame
  10               	.global	DebugInt_init
  11               		.type	DebugInt_init, @function
  12               	DebugInt_init:
  13               	.LFB0:
  14               		.file 1 "DebugInterface.c"
   1:DebugInterface.c **** /*
   2:DebugInterface.c ****     Copyright (C) 2004    John Orlando
   3:DebugInterface.c ****     
   4:DebugInterface.c ****    AVRcam: a small real-time image processing engine.
   5:DebugInterface.c **** 
   6:DebugInterface.c ****     This program is free software; you can redistribute it and/or
   7:DebugInterface.c ****     modify it under the terms of the GNU General Public
   8:DebugInterface.c ****     License as published by the Free Software Foundation; either
   9:DebugInterface.c ****     version 2 of the License, or (at your option) any later version.
  10:DebugInterface.c **** 
  11:DebugInterface.c ****     This program is distributed in the hope that it will be useful,
  12:DebugInterface.c ****     but WITHOUT ANY WARRANTY; without even the implied warranty of
  13:DebugInterface.c ****     MERCHANTABILITY or FITNESS FOR A PARTICULAR PURPOSE.  See the GNU
  14:DebugInterface.c ****     General Public License for more details.
  15:DebugInterface.c **** 
  16:DebugInterface.c ****     You should have received a copy of the GNU General Public
  17:DebugInterface.c ****     License along with this program; if not, write to the Free Software
  18:DebugInterface.c ****     Foundation, Inc., 59 Temple Place, Suite 330, Boston, MA  02111-1307  USA
  19:DebugInterface.c **** 
  20:DebugInterface.c ****    For more information on the AVRcam, please contact:
  21:DebugInterface.c **** 
  22:DebugInterface.c ****    john@jrobot.net
  23:DebugInterface.c **** 
  24:DebugInterface.c ****    or go to www.jrobot.net for more details regarding the system.
  25:DebugInterface.c **** */
  26:DebugInterface.c **** /***********************************************************
  27:DebugInterface.c **** 	Module Name: DebugInterface.c
  28:DebugInterface.c **** 	Module Date: 04/15/2004
  29:DebugInterface.c **** 	Module Auth: John Orlando
  30:DebugInterface.c **** 	
  31:DebugInterface.c **** 	Description: This module is responsible for providing a
  32:DebugInterface.c **** 	debug interface to the system.  Currently, the only
  33:DebugInterface.c **** 	debugging that is available is through the on-board
  34:DebugInterface.c **** 	UART (which is used by the main application as well) in
  35:DebugInterface.c **** 	addition to the LED hooked up at PORTD bit 6.
  36:DebugInterface.c ****     
  37:DebugInterface.c ****     Revision History:
  38:DebugInterface.c ****     Date        Rel Ver.    Notes
  39:DebugInterface.c ****     4/10/2004      0.1     Module created
  40:DebugInterface.c ****     6/30/2004      1.0     Initial release for Circuit Cellar
  41:DebugInterface.c ****                            contest.
  42:DebugInterface.c **** ***********************************************************/
  43:DebugInterface.c **** 
GAS LISTING C:\Users\Joe\AppData\Local\Temp\ccsPMs69.s 			page 2


  44:DebugInterface.c **** /*	Includes */
  45:DebugInterface.c **** #include "CommonDefs.h"
  46:DebugInterface.c **** #include "UartInterface.h"
  47:DebugInterface.c **** #include "Utility.h"
  48:DebugInterface.c **** 
  49:DebugInterface.c **** /*  Local Variables */
  50:DebugInterface.c **** 
  51:DebugInterface.c **** /* 	Local Structures and Typedefs */
  52:DebugInterface.c **** 
  53:DebugInterface.c **** /*  Extern Variables */
  54:DebugInterface.c **** 
  55:DebugInterface.c **** /*  Definitions */
  56:DebugInterface.c **** 
  57:DebugInterface.c **** /***********************************************************
  58:DebugInterface.c **** 	Function Name: DebugInt_init
  59:DebugInterface.c **** 	Function Description: This function is responsible for
  60:DebugInterface.c **** 	initializing the debug module.  It sets up the debug LED
  61:DebugInterface.c **** 	as well as any other debugging that will be done.  The 
  62:DebugInterface.c ****     LED blinks four times, which indicates to the user
  63:DebugInterface.c ****     that the system is available for re-programming if 
  64:DebugInterface.c ****     necessary.  This works because the data lines on the
  65:DebugInterface.c ****     OV6620 are still tri-stated at this point, but won't
  66:DebugInterface.c ****     be for long after this function returns.
  67:DebugInterface.c **** 	Inputs:  none
  68:DebugInterface.c **** 	Outputs: none
  69:DebugInterface.c **** ***********************************************************/	
  70:DebugInterface.c **** void DebugInt_init(void)
  71:DebugInterface.c **** {
  15               		.loc 1 71 0
  16               		.cfi_startproc
  17               	/* prologue: function */
  18               	/* frame size = 0 */
  19               	/* stack size = 0 */
  20               	.L__stack_usage = 0
  72:DebugInterface.c **** 	/* set PortD pin6 for output */
  73:DebugInterface.c **** 	DDRD  |= 0x40;
  21               		.loc 1 73 0
  22 0000 8E9A      		sbi 0x11,6
  74:DebugInterface.c **** 	/* turn on LED */
  75:DebugInterface.c **** 	PORTD |= 0x40;
  23               		.loc 1 75 0
  24 0002 969A      		sbi 0x12,6
  76:DebugInterface.c ****     Utility_delay(500);
  25               		.loc 1 76 0
  26 0004 84EF      		ldi r24,lo8(-12)
  27 0006 91E0      		ldi r25,lo8(1)
  28 0008 00D0      		rcall Utility_delay
  29               	.LVL0:
  77:DebugInterface.c ****     PORTD &= 0xBF;
  30               		.loc 1 77 0
  31 000a 9698      		cbi 0x12,6
  78:DebugInterface.c ****     Utility_delay(500);
  32               		.loc 1 78 0
  33 000c 84EF      		ldi r24,lo8(-12)
  34 000e 91E0      		ldi r25,lo8(1)
  35 0010 00D0      		rcall Utility_delay
  36               	.LVL1:
GAS LISTING C:\Users\Joe\AppData\Local\Temp\ccsPMs69.s 			page 3


  79:DebugInterface.c ****     PORTD |= 0x40;
  37               		.loc 1 79 0
  38 0012 969A      		sbi 0x12,6
  80:DebugInterface.c ****     Utility_delay(500);
  39               		.loc 1 80 0
  40 0014 84EF      		ldi r24,lo8(-12)
  41 0016 91E0      		ldi r25,lo8(1)
  42 0018 00D0      		rcall Utility_delay
  43               	.LVL2:
  81:DebugInterface.c ****     PORTD &= 0xBF;
  44               		.loc 1 81 0
  45 001a 9698      		cbi 0x12,6
  82:DebugInterface.c ****     Utility_delay(500);
  46               		.loc 1 82 0
  47 001c 84EF      		ldi r24,lo8(-12)
  48 001e 91E0      		ldi r25,lo8(1)
  49 0020 00D0      		rcall Utility_delay
  50               	.LVL3:
  83:DebugInterface.c ****     PORTD |= 0x40;
  51               		.loc 1 83 0
  52 0022 969A      		sbi 0x12,6
  84:DebugInterface.c ****     Utility_delay(500);
  53               		.loc 1 84 0
  54 0024 84EF      		ldi r24,lo8(-12)
  55 0026 91E0      		ldi r25,lo8(1)
  56 0028 00D0      		rcall Utility_delay
  57               	.LVL4:
  85:DebugInterface.c ****     PORTD &= 0xBF;
  58               		.loc 1 85 0
  59 002a 9698      		cbi 0x12,6
  86:DebugInterface.c ****     Utility_delay(500);
  60               		.loc 1 86 0
  61 002c 84EF      		ldi r24,lo8(-12)
  62 002e 91E0      		ldi r25,lo8(1)
  63 0030 00D0      		rcall Utility_delay
  64               	.LVL5:
  87:DebugInterface.c ****     PORTD |= 0x40;
  65               		.loc 1 87 0
  66 0032 969A      		sbi 0x12,6
  67 0034 0895      		ret
  68               		.cfi_endproc
  69               	.LFE0:
  70               		.size	DebugInt_init, .-DebugInt_init
  71               	.Letext0:
  72               		.file 2 "c:\\program files (x86)\\atmel\\studio\\7.0\\toolchain\\avr8\\avr8-gnu-toolchain\\avr\\in
  73               		.file 3 "Utility.h"
  74               		.section	.debug_info,"",@progbits
  75               	.Ldebug_info0:
  76 0000 2501 0000 		.long	0x125
  77 0004 0200      		.word	0x2
  78 0006 0000 0000 		.long	.Ldebug_abbrev0
  79 000a 04        		.byte	0x4
  80 000b 01        		.uleb128 0x1
  81 000c 0000 0000 		.long	.LASF7
  82 0010 0C        		.byte	0xc
  83 0011 0000 0000 		.long	.LASF8
  84 0015 0000 0000 		.long	.LASF9
GAS LISTING C:\Users\Joe\AppData\Local\Temp\ccsPMs69.s 			page 4


  85 0019 0000 0000 		.long	.Ltext0
  86 001d 0000 0000 		.long	.Letext0
  87 0021 0000 0000 		.long	.Ldebug_line0
  88 0025 02        		.uleb128 0x2
  89 0026 01        		.byte	0x1
  90 0027 06        		.byte	0x6
  91 0028 0000 0000 		.long	.LASF0
  92 002c 03        		.uleb128 0x3
  93 002d 0000 0000 		.long	.LASF10
  94 0031 02        		.byte	0x2
  95 0032 7E        		.byte	0x7e
  96 0033 3700 0000 		.long	0x37
  97 0037 02        		.uleb128 0x2
  98 0038 01        		.byte	0x1
  99 0039 08        		.byte	0x8
 100 003a 0000 0000 		.long	.LASF1
 101 003e 04        		.uleb128 0x4
 102 003f 02        		.byte	0x2
 103 0040 05        		.byte	0x5
 104 0041 696E 7400 		.string	"int"
 105 0045 02        		.uleb128 0x2
 106 0046 02        		.byte	0x2
 107 0047 07        		.byte	0x7
 108 0048 0000 0000 		.long	.LASF2
 109 004c 02        		.uleb128 0x2
 110 004d 04        		.byte	0x4
 111 004e 05        		.byte	0x5
 112 004f 0000 0000 		.long	.LASF3
 113 0053 02        		.uleb128 0x2
 114 0054 04        		.byte	0x4
 115 0055 07        		.byte	0x7
 116 0056 0000 0000 		.long	.LASF4
 117 005a 02        		.uleb128 0x2
 118 005b 08        		.byte	0x8
 119 005c 05        		.byte	0x5
 120 005d 0000 0000 		.long	.LASF5
 121 0061 02        		.uleb128 0x2
 122 0062 08        		.byte	0x8
 123 0063 07        		.byte	0x7
 124 0064 0000 0000 		.long	.LASF6
 125 0068 05        		.uleb128 0x5
 126 0069 01        		.byte	0x1
 127 006a 0000 0000 		.long	.LASF11
 128 006e 01        		.byte	0x1
 129 006f 46        		.byte	0x46
 130 0070 01        		.byte	0x1
 131 0071 0000 0000 		.long	.LFB0
 132 0075 0000 0000 		.long	.LFE0
 133 0079 03        		.byte	0x3
 134 007a 92        		.byte	0x92
 135 007b 20        		.uleb128 0x20
 136 007c 02        		.sleb128 2
 137 007d 01        		.byte	0x1
 138 007e 1B01 0000 		.long	0x11b
 139 0082 06        		.uleb128 0x6
 140 0083 0000 0000 		.long	.LVL0
 141 0087 1B01 0000 		.long	0x11b
GAS LISTING C:\Users\Joe\AppData\Local\Temp\ccsPMs69.s 			page 5


 142 008b 9C00 0000 		.long	0x9c
 143 008f 07        		.uleb128 0x7
 144 0090 06        		.byte	0x6
 145 0091 68        		.byte	0x68
 146 0092 93        		.byte	0x93
 147 0093 01        		.uleb128 0x1
 148 0094 69        		.byte	0x69
 149 0095 93        		.byte	0x93
 150 0096 01        		.uleb128 0x1
 151 0097 03        		.byte	0x3
 152 0098 0A        		.byte	0xa
 153 0099 F401      		.word	0x1f4
 154 009b 00        		.byte	0
 155 009c 06        		.uleb128 0x6
 156 009d 0000 0000 		.long	.LVL1
 157 00a1 1B01 0000 		.long	0x11b
 158 00a5 B600 0000 		.long	0xb6
 159 00a9 07        		.uleb128 0x7
 160 00aa 06        		.byte	0x6
 161 00ab 68        		.byte	0x68
 162 00ac 93        		.byte	0x93
 163 00ad 01        		.uleb128 0x1
 164 00ae 69        		.byte	0x69
 165 00af 93        		.byte	0x93
 166 00b0 01        		.uleb128 0x1
 167 00b1 03        		.byte	0x3
 168 00b2 0A        		.byte	0xa
 169 00b3 F401      		.word	0x1f4
 170 00b5 00        		.byte	0
 171 00b6 06        		.uleb128 0x6
 172 00b7 0000 0000 		.long	.LVL2
 173 00bb 1B01 0000 		.long	0x11b
 174 00bf D000 0000 		.long	0xd0
 175 00c3 07        		.uleb128 0x7
 176 00c4 06        		.byte	0x6
 177 00c5 68        		.byte	0x68
 178 00c6 93        		.byte	0x93
 179 00c7 01        		.uleb128 0x1
 180 00c8 69        		.byte	0x69
 181 00c9 93        		.byte	0x93
 182 00ca 01        		.uleb128 0x1
 183 00cb 03        		.byte	0x3
 184 00cc 0A        		.byte	0xa
 185 00cd F401      		.word	0x1f4
 186 00cf 00        		.byte	0
 187 00d0 06        		.uleb128 0x6
 188 00d1 0000 0000 		.long	.LVL3
 189 00d5 1B01 0000 		.long	0x11b
 190 00d9 EA00 0000 		.long	0xea
 191 00dd 07        		.uleb128 0x7
 192 00de 06        		.byte	0x6
 193 00df 68        		.byte	0x68
 194 00e0 93        		.byte	0x93
 195 00e1 01        		.uleb128 0x1
 196 00e2 69        		.byte	0x69
 197 00e3 93        		.byte	0x93
 198 00e4 01        		.uleb128 0x1
GAS LISTING C:\Users\Joe\AppData\Local\Temp\ccsPMs69.s 			page 6


 199 00e5 03        		.byte	0x3
 200 00e6 0A        		.byte	0xa
 201 00e7 F401      		.word	0x1f4
 202 00e9 00        		.byte	0
 203 00ea 06        		.uleb128 0x6
 204 00eb 0000 0000 		.long	.LVL4
 205 00ef 1B01 0000 		.long	0x11b
 206 00f3 0401 0000 		.long	0x104
 207 00f7 07        		.uleb128 0x7
 208 00f8 06        		.byte	0x6
 209 00f9 68        		.byte	0x68
 210 00fa 93        		.byte	0x93
 211 00fb 01        		.uleb128 0x1
 212 00fc 69        		.byte	0x69
 213 00fd 93        		.byte	0x93
 214 00fe 01        		.uleb128 0x1
 215 00ff 03        		.byte	0x3
 216 0100 0A        		.byte	0xa
 217 0101 F401      		.word	0x1f4
 218 0103 00        		.byte	0
 219 0104 08        		.uleb128 0x8
 220 0105 0000 0000 		.long	.LVL5
 221 0109 1B01 0000 		.long	0x11b
 222 010d 07        		.uleb128 0x7
 223 010e 06        		.byte	0x6
 224 010f 68        		.byte	0x68
 225 0110 93        		.byte	0x93
 226 0111 01        		.uleb128 0x1
 227 0112 69        		.byte	0x69
 228 0113 93        		.byte	0x93
 229 0114 01        		.uleb128 0x1
 230 0115 03        		.byte	0x3
 231 0116 0A        		.byte	0xa
 232 0117 F401      		.word	0x1f4
 233 0119 00        		.byte	0
 234 011a 00        		.byte	0
 235 011b 09        		.uleb128 0x9
 236 011c 01        		.byte	0x1
 237 011d 01        		.byte	0x1
 238 011e 0000 0000 		.long	.LASF12
 239 0122 0000 0000 		.long	.LASF12
 240 0126 03        		.byte	0x3
 241 0127 2D        		.byte	0x2d
 242 0128 00        		.byte	0
 243               		.section	.debug_abbrev,"",@progbits
 244               	.Ldebug_abbrev0:
 245 0000 01        		.uleb128 0x1
 246 0001 11        		.uleb128 0x11
 247 0002 01        		.byte	0x1
 248 0003 25        		.uleb128 0x25
 249 0004 0E        		.uleb128 0xe
 250 0005 13        		.uleb128 0x13
 251 0006 0B        		.uleb128 0xb
 252 0007 03        		.uleb128 0x3
 253 0008 0E        		.uleb128 0xe
 254 0009 1B        		.uleb128 0x1b
 255 000a 0E        		.uleb128 0xe
GAS LISTING C:\Users\Joe\AppData\Local\Temp\ccsPMs69.s 			page 7


 256 000b 11        		.uleb128 0x11
 257 000c 01        		.uleb128 0x1
 258 000d 12        		.uleb128 0x12
 259 000e 01        		.uleb128 0x1
 260 000f 10        		.uleb128 0x10
 261 0010 06        		.uleb128 0x6
 262 0011 00        		.byte	0
 263 0012 00        		.byte	0
 264 0013 02        		.uleb128 0x2
 265 0014 24        		.uleb128 0x24
 266 0015 00        		.byte	0
 267 0016 0B        		.uleb128 0xb
 268 0017 0B        		.uleb128 0xb
 269 0018 3E        		.uleb128 0x3e
 270 0019 0B        		.uleb128 0xb
 271 001a 03        		.uleb128 0x3
 272 001b 0E        		.uleb128 0xe
 273 001c 00        		.byte	0
 274 001d 00        		.byte	0
 275 001e 03        		.uleb128 0x3
 276 001f 16        		.uleb128 0x16
 277 0020 00        		.byte	0
 278 0021 03        		.uleb128 0x3
 279 0022 0E        		.uleb128 0xe
 280 0023 3A        		.uleb128 0x3a
 281 0024 0B        		.uleb128 0xb
 282 0025 3B        		.uleb128 0x3b
 283 0026 0B        		.uleb128 0xb
 284 0027 49        		.uleb128 0x49
 285 0028 13        		.uleb128 0x13
 286 0029 00        		.byte	0
 287 002a 00        		.byte	0
 288 002b 04        		.uleb128 0x4
 289 002c 24        		.uleb128 0x24
 290 002d 00        		.byte	0
 291 002e 0B        		.uleb128 0xb
 292 002f 0B        		.uleb128 0xb
 293 0030 3E        		.uleb128 0x3e
 294 0031 0B        		.uleb128 0xb
 295 0032 03        		.uleb128 0x3
 296 0033 08        		.uleb128 0x8
 297 0034 00        		.byte	0
 298 0035 00        		.byte	0
 299 0036 05        		.uleb128 0x5
 300 0037 2E        		.uleb128 0x2e
 301 0038 01        		.byte	0x1
 302 0039 3F        		.uleb128 0x3f
 303 003a 0C        		.uleb128 0xc
 304 003b 03        		.uleb128 0x3
 305 003c 0E        		.uleb128 0xe
 306 003d 3A        		.uleb128 0x3a
 307 003e 0B        		.uleb128 0xb
 308 003f 3B        		.uleb128 0x3b
 309 0040 0B        		.uleb128 0xb
 310 0041 27        		.uleb128 0x27
 311 0042 0C        		.uleb128 0xc
 312 0043 11        		.uleb128 0x11
GAS LISTING C:\Users\Joe\AppData\Local\Temp\ccsPMs69.s 			page 8


 313 0044 01        		.uleb128 0x1
 314 0045 12        		.uleb128 0x12
 315 0046 01        		.uleb128 0x1
 316 0047 40        		.uleb128 0x40
 317 0048 0A        		.uleb128 0xa
 318 0049 9742      		.uleb128 0x2117
 319 004b 0C        		.uleb128 0xc
 320 004c 01        		.uleb128 0x1
 321 004d 13        		.uleb128 0x13
 322 004e 00        		.byte	0
 323 004f 00        		.byte	0
 324 0050 06        		.uleb128 0x6
 325 0051 8982 01   		.uleb128 0x4109
 326 0054 01        		.byte	0x1
 327 0055 11        		.uleb128 0x11
 328 0056 01        		.uleb128 0x1
 329 0057 31        		.uleb128 0x31
 330 0058 13        		.uleb128 0x13
 331 0059 01        		.uleb128 0x1
 332 005a 13        		.uleb128 0x13
 333 005b 00        		.byte	0
 334 005c 00        		.byte	0
 335 005d 07        		.uleb128 0x7
 336 005e 8A82 01   		.uleb128 0x410a
 337 0061 00        		.byte	0
 338 0062 02        		.uleb128 0x2
 339 0063 0A        		.uleb128 0xa
 340 0064 9142      		.uleb128 0x2111
 341 0066 0A        		.uleb128 0xa
 342 0067 00        		.byte	0
 343 0068 00        		.byte	0
 344 0069 08        		.uleb128 0x8
 345 006a 8982 01   		.uleb128 0x4109
 346 006d 01        		.byte	0x1
 347 006e 11        		.uleb128 0x11
 348 006f 01        		.uleb128 0x1
 349 0070 31        		.uleb128 0x31
 350 0071 13        		.uleb128 0x13
 351 0072 00        		.byte	0
 352 0073 00        		.byte	0
 353 0074 09        		.uleb128 0x9
 354 0075 2E        		.uleb128 0x2e
 355 0076 00        		.byte	0
 356 0077 3F        		.uleb128 0x3f
 357 0078 0C        		.uleb128 0xc
 358 0079 3C        		.uleb128 0x3c
 359 007a 0C        		.uleb128 0xc
 360 007b 8740      		.uleb128 0x2007
 361 007d 0E        		.uleb128 0xe
 362 007e 03        		.uleb128 0x3
 363 007f 0E        		.uleb128 0xe
 364 0080 3A        		.uleb128 0x3a
 365 0081 0B        		.uleb128 0xb
 366 0082 3B        		.uleb128 0x3b
 367 0083 0B        		.uleb128 0xb
 368 0084 00        		.byte	0
 369 0085 00        		.byte	0
GAS LISTING C:\Users\Joe\AppData\Local\Temp\ccsPMs69.s 			page 9


 370 0086 00        		.byte	0
 371               		.section	.debug_aranges,"",@progbits
 372 0000 1C00 0000 		.long	0x1c
 373 0004 0200      		.word	0x2
 374 0006 0000 0000 		.long	.Ldebug_info0
 375 000a 04        		.byte	0x4
 376 000b 00        		.byte	0
 377 000c 0000      		.word	0
 378 000e 0000      		.word	0
 379 0010 0000 0000 		.long	.Ltext0
 380 0014 3600 0000 		.long	.Letext0-.Ltext0
 381 0018 0000 0000 		.long	0
 382 001c 0000 0000 		.long	0
 383               		.section	.debug_line,"",@progbits
 384               	.Ldebug_line0:
 385 0000 FE00 0000 		.section	.debug_str,"MS",@progbits,1
 385      0200 9300 
 385      0000 0201 
 385      FB0E 0A00 
 385      0101 0101 
 386               	.LASF9:
 387 0000 433A 5C77 		.string	"C:\\workspace\\AVRcam\\MainController"
 387      6F72 6B73 
 387      7061 6365 
 387      5C41 5652 
 387      6361 6D5C 
 388               	.LASF2:
 389 0023 756E 7369 		.string	"unsigned int"
 389      676E 6564 
 389      2069 6E74 
 389      00
 390               	.LASF4:
 391 0030 6C6F 6E67 		.string	"long unsigned int"
 391      2075 6E73 
 391      6967 6E65 
 391      6420 696E 
 391      7400 
 392               	.LASF10:
 393 0042 7569 6E74 		.string	"uint8_t"
 393      385F 7400 
 394               	.LASF0:
 395 004a 7369 676E 		.string	"signed char"
 395      6564 2063 
 395      6861 7200 
 396               	.LASF8:
 397 0056 4465 6275 		.string	"DebugInterface.c"
 397      6749 6E74 
 397      6572 6661 
 397      6365 2E63 
 397      00
 398               	.LASF6:
 399 0067 6C6F 6E67 		.string	"long long unsigned int"
 399      206C 6F6E 
 399      6720 756E 
 399      7369 676E 
 399      6564 2069 
 400               	.LASF1:
GAS LISTING C:\Users\Joe\AppData\Local\Temp\ccsPMs69.s 			page 10


 401 007e 756E 7369 		.string	"unsigned char"
 401      676E 6564 
 401      2063 6861 
 401      7200 
 402               	.LASF3:
 403 008c 6C6F 6E67 		.string	"long int"
 403      2069 6E74 
 403      00
 404               	.LASF7:
 405 0095 474E 5520 		.string	"GNU C11 5.4.0 -mn-flash=1 -mno-skip-bug -mmcu=avr4 -g -O1 -funsigned-char -funsigned-bitf
 405      4331 3120 
 405      352E 342E 
 405      3020 2D6D 
 405      6E2D 666C 
 406               	.LASF11:
 407 0110 4465 6275 		.string	"DebugInt_init"
 407      6749 6E74 
 407      5F69 6E69 
 407      7400 
 408               	.LASF12:
 409 011e 5574 696C 		.string	"Utility_delay"
 409      6974 795F 
 409      6465 6C61 
 409      7900 
 410               	.LASF5:
 411 012c 6C6F 6E67 		.string	"long long int"
 411      206C 6F6E 
 411      6720 696E 
 411      7400 
 412               		.ident	"GCC: (AVR_8_bit_GNU_Toolchain_3.6.0_1734) 5.4.0"
GAS LISTING C:\Users\Joe\AppData\Local\Temp\ccsPMs69.s 			page 11


DEFINED SYMBOLS
                            *ABS*:00000000 DebugInterface.c
C:\Users\Joe\AppData\Local\Temp\ccsPMs69.s:2      *ABS*:0000003e __SP_H__
C:\Users\Joe\AppData\Local\Temp\ccsPMs69.s:3      *ABS*:0000003d __SP_L__
C:\Users\Joe\AppData\Local\Temp\ccsPMs69.s:4      *ABS*:0000003f __SREG__
C:\Users\Joe\AppData\Local\Temp\ccsPMs69.s:5      *ABS*:00000000 __tmp_reg__
C:\Users\Joe\AppData\Local\Temp\ccsPMs69.s:6      *ABS*:00000001 __zero_reg__
C:\Users\Joe\AppData\Local\Temp\ccsPMs69.s:12     .text:00000000 DebugInt_init

UNDEFINED SYMBOLS
Utility_delay
