GAS LISTING C:\Users\Joe\AppData\Local\Temp\ccaARXtn.s 			page 1


   1               		.file	"Main.c"
   2               	__SP_H__ = 0x3e
   3               	__SP_L__ = 0x3d
   4               	__SREG__ = 0x3f
   5               	__tmp_reg__ = 0
   6               	__zero_reg__ = 1
   7               		.text
   8               	.Ltext0:
   9               		.cfi_sections	.debug_frame
  10               	.global	main
  11               		.type	main, @function
  12               	main:
  13               	.LFB4:
  14               		.file 1 "Main.c"
   1:Main.c        **** /*
   2:Main.c        ****     Copyright (C) 2004    John Orlando
   3:Main.c        ****     
   4:Main.c        ****    AVRcam: a small real-time image processing engine.
   5:Main.c        **** 
   6:Main.c        ****     This program is free software; you can redistribute it and/or
   7:Main.c        ****     modify it under the terms of the GNU General Public
   8:Main.c        ****     License as published by the Free Software Foundation; either
   9:Main.c        ****     version 2 of the License, or (at your option) any later version.
  10:Main.c        **** 
  11:Main.c        ****     This program is distributed in the hope that it will be useful,
  12:Main.c        ****     but WITHOUT ANY WARRANTY; without even the implied warranty of
  13:Main.c        ****     MERCHANTABILITY or FITNESS FOR A PARTICULAR PURPOSE.  See the GNU
  14:Main.c        ****     General Public License for more details.
  15:Main.c        **** 
  16:Main.c        ****     You should have received a copy of the GNU General Public
  17:Main.c        ****     License along with this program; if not, write to the Free Software
  18:Main.c        ****     Foundation, Inc., 59 Temple Place, Suite 330, Boston, MA  02111-1307  USA
  19:Main.c        **** 
  20:Main.c        ****    For more information on the AVRcam, please contact:
  21:Main.c        **** 
  22:Main.c        ****    john@jrobot.net
  23:Main.c        **** 
  24:Main.c        ****    or go to www.jrobot.net for more details regarding the system.
  25:Main.c        **** */
  26:Main.c        **** /***********************************************************
  27:Main.c        **** 	Module Name: Main.c
  28:Main.c        **** 	Module Date: 04/10/2004
  29:Main.c        **** 	Module Auth: John Orlando
  30:Main.c        **** 	 
  31:Main.c        **** 	Description:  This module is responsible for providing 
  32:Main.c        **** 	the entry point to the code through the "main" function.
  33:Main.c        ****     
  34:Main.c        ****     Revision History:
  35:Main.c        ****     Date        Rel Ver.    Notes
  36:Main.c        ****     4/10/2004      0.1     Module created
  37:Main.c        ****     6/30/2004      1.0     Initial release for Circuit Cellar
  38:Main.c        ****                            contest.
  39:Main.c        **** ***********************************************************/
  40:Main.c        **** 
  41:Main.c        **** /*	Includes */
  42:Main.c        **** #include <avr/io.h>
  43:Main.c        **** #include <stdlib.h>
GAS LISTING C:\Users\Joe\AppData\Local\Temp\ccaARXtn.s 			page 2


  44:Main.c        **** #include <string.h>
  45:Main.c        **** #include "UIMgr.h"
  46:Main.c        **** #include "UartInterface.h" 
  47:Main.c        **** #include "I2CInterface.h"
  48:Main.c        **** #include "CamInterface.h"
  49:Main.c        **** #include "DebugInterface.h"
  50:Main.c        **** #include "FrameMgr.h"
  51:Main.c        **** #include "CommonDefs.h" 
  52:Main.c        **** #include "CamConfig.h" 
  53:Main.c        **** #include "Executive.h" 
  54:Main.c        **** #include "Utility.h"
  55:Main.c        **** 
  56:Main.c        **** /* 	Local Structures and Typedefs */
  57:Main.c        **** 
  58:Main.c        **** /*  Extern Variables */
  59:Main.c        **** 
  60:Main.c        **** /*  Definitions */
  61:Main.c        **** 
  62:Main.c        **** /***********************************************************
  63:Main.c        **** 	Function Name: main
  64:Main.c        **** 	Function Description: This function provides the entry
  65:Main.c        **** 	point into AVRcam application.
  66:Main.c        **** 	Inputs:  none
  67:Main.c        **** 	Outputs: int
  68:Main.c        **** ***********************************************************/	
  69:Main.c        **** int main(void)
  70:Main.c        **** {
  15               		.loc 1 70 0
  16               		.cfi_startproc
  17               	/* prologue: function */
  18               	/* frame size = 0 */
  19               	/* stack size = 0 */
  20               	.L__stack_usage = 0
  71:Main.c        **** 	/* initialize all of the interface modules */
  72:Main.c        **** 	/* turn on LED */
  73:Main.c        **** 	PORTD |= 0x40;
  21               		.loc 1 73 0
  22 0000 969A      		sbi 0x12,6
  74:Main.c        **** 	Utility_delay(1000);
  23               		.loc 1 74 0
  24 0002 88EE      		ldi r24,lo8(-24)
  25 0004 93E0      		ldi r25,lo8(3)
  26 0006 00D0      		rcall Utility_delay
  27               	.LVL0:
  75:Main.c        **** 	PORTD = 0;
  28               		.loc 1 75 0
  29 0008 12BA      		out 0x12,__zero_reg__
  76:Main.c        **** 	Utility_delay(1000);
  30               		.loc 1 76 0
  31 000a 88EE      		ldi r24,lo8(-24)
  32 000c 93E0      		ldi r25,lo8(3)
  33 000e 00D0      		rcall Utility_delay
  34               	.LVL1:
  77:Main.c        **** 	PORTD |= 0x40;
  35               		.loc 1 77 0
  36 0010 969A      		sbi 0x12,6
  78:Main.c        **** 	Utility_delay(1000);
GAS LISTING C:\Users\Joe\AppData\Local\Temp\ccaARXtn.s 			page 3


  37               		.loc 1 78 0
  38 0012 88EE      		ldi r24,lo8(-24)
  39 0014 93E0      		ldi r25,lo8(3)
  40 0016 00D0      		rcall Utility_delay
  41               	.LVL2:
  79:Main.c        **** 	PORTD = 0;
  42               		.loc 1 79 0
  43 0018 12BA      		out 0x12,__zero_reg__
  80:Main.c        **** 	Utility_delay(1000);
  44               		.loc 1 80 0
  45 001a 88EE      		ldi r24,lo8(-24)
  46 001c 93E0      		ldi r25,lo8(3)
  47 001e 00D0      		rcall Utility_delay
  48               	.LVL3:
  81:Main.c        **** 	
  82:Main.c        **** 	DebugInt_init();
  49               		.loc 1 82 0
  50 0020 00D0      		rcall DebugInt_init
  51               	.LVL4:
  83:Main.c        **** 	UartInt_init();
  52               		.loc 1 83 0
  53 0022 00D0      		rcall UartInt_init
  54               	.LVL5:
  84:Main.c        **** 	I2CInt_init();
  55               		.loc 1 84 0
  56 0024 00D0      		rcall I2CInt_init
  57               	.LVL6:
  85:Main.c        **** 	CamInt_init();
  58               		.loc 1 85 0
  59 0026 00D0      		rcall CamInt_init
  60               	.LVL7:
  86:Main.c        **** 	
  87:Main.c        **** 	/* initialize the remaining modules that will process
  88:Main.c        **** 	data...interrupts need to be on for these */
  89:Main.c        **** 	ENABLE_INTS();
  61               		.loc 1 89 0
  62               	/* #APP */
  63               	 ;  89 "Main.c" 1
  64 0028 7894      		sei
  65               	 ;  0 "" 2
  90:Main.c        **** 	CamConfig_init(); 
  66               		.loc 1 90 0
  67               	/* #NOAPP */
  68 002a 00D0      		rcall CamConfig_init
  69               	.LVL8:
  91:Main.c        **** 	UIMgr_init();
  70               		.loc 1 91 0
  71 002c 00D0      		rcall UIMgr_init
  72               	.LVL9:
  92:Main.c        **** 	FrameMgr_init();
  73               		.loc 1 92 0
  74 002e 00D0      		rcall FrameMgr_init
  75               	.LVL10:
  93:Main.c        ****     
  94:Main.c        **** 	/* provide a short delay for the camera to stabilize before
  95:Main.c        **** 	we let the executive start up */
  96:Main.c        **** 	Utility_delay(1000);
GAS LISTING C:\Users\Joe\AppData\Local\Temp\ccaARXtn.s 			page 4


  76               		.loc 1 96 0
  77 0030 88EE      		ldi r24,lo8(-24)
  78 0032 93E0      		ldi r25,lo8(3)
  79 0034 00D0      		rcall Utility_delay
  80               	.LVL11:
  97:Main.c        **** 	PORTD &= ~(1UL << PD6);
  81               		.loc 1 97 0
  82 0036 9698      		cbi 0x12,6
  98:Main.c        **** 	Utility_delay(3000);
  83               		.loc 1 98 0
  84 0038 88EB      		ldi r24,lo8(-72)
  85 003a 9BE0      		ldi r25,lo8(11)
  86 003c 00D0      		rcall Utility_delay
  87               	.LVL12:
  99:Main.c        **** 
 100:Main.c        **** 	/* the rest of the application will be under the
 101:Main.c        **** 	control of the Executive.  */
 102:Main.c        **** 	Exec_run();	
  88               		.loc 1 102 0
  89 003e 00D0      		rcall Exec_run
  90               	.LVL13:
 103:Main.c        **** 	
 104:Main.c        **** 	/* this should never be reached */
 105:Main.c        **** 	return(0);
 106:Main.c        **** }
  91               		.loc 1 106 0
  92 0040 80E0      		ldi r24,0
  93 0042 90E0      		ldi r25,0
  94 0044 0895      		ret
  95               		.cfi_endproc
  96               	.LFE4:
  97               		.size	main, .-main
  98               	.Letext0:
  99               		.file 2 "Utility.h"
 100               		.file 3 "DebugInterface.h"
 101               		.file 4 "UartInterface.h"
 102               		.file 5 "I2CInterface.h"
 103               		.file 6 "CamInterface.h"
 104               		.file 7 "CamConfig.h"
 105               		.file 8 "UIMgr.h"
 106               		.file 9 "FrameMgr.h"
 107               		.file 10 "Executive.h"
 108               		.file 11 "c:\\program files (x86)\\atmel\\studio\\7.0\\toolchain\\avr8\\avr8-gnu-toolchain\\avr\\i
 109               		.section	.debug_info,"",@progbits
 110               	.Ldebug_info0:
 111 0000 DD01 0000 		.long	0x1dd
 112 0004 0200      		.word	0x2
 113 0006 0000 0000 		.long	.Ldebug_abbrev0
 114 000a 04        		.byte	0x4
 115 000b 01        		.uleb128 0x1
 116 000c 0000 0000 		.long	.LASF16
 117 0010 0C        		.byte	0xc
 118 0011 0000 0000 		.long	.LASF17
 119 0015 0000 0000 		.long	.LASF18
 120 0019 0000 0000 		.long	.Ltext0
 121 001d 0000 0000 		.long	.Letext0
 122 0021 0000 0000 		.long	.Ldebug_line0
GAS LISTING C:\Users\Joe\AppData\Local\Temp\ccaARXtn.s 			page 5


 123 0025 02        		.uleb128 0x2
 124 0026 01        		.byte	0x1
 125 0027 06        		.byte	0x6
 126 0028 0000 0000 		.long	.LASF0
 127 002c 03        		.uleb128 0x3
 128 002d 0000 0000 		.long	.LASF19
 129 0031 0B        		.byte	0xb
 130 0032 7E        		.byte	0x7e
 131 0033 3700 0000 		.long	0x37
 132 0037 02        		.uleb128 0x2
 133 0038 01        		.byte	0x1
 134 0039 08        		.byte	0x8
 135 003a 0000 0000 		.long	.LASF1
 136 003e 04        		.uleb128 0x4
 137 003f 02        		.byte	0x2
 138 0040 05        		.byte	0x5
 139 0041 696E 7400 		.string	"int"
 140 0045 02        		.uleb128 0x2
 141 0046 02        		.byte	0x2
 142 0047 07        		.byte	0x7
 143 0048 0000 0000 		.long	.LASF2
 144 004c 02        		.uleb128 0x2
 145 004d 04        		.byte	0x4
 146 004e 05        		.byte	0x5
 147 004f 0000 0000 		.long	.LASF3
 148 0053 02        		.uleb128 0x2
 149 0054 04        		.byte	0x4
 150 0055 07        		.byte	0x7
 151 0056 0000 0000 		.long	.LASF4
 152 005a 02        		.uleb128 0x2
 153 005b 08        		.byte	0x8
 154 005c 05        		.byte	0x5
 155 005d 0000 0000 		.long	.LASF5
 156 0061 02        		.uleb128 0x2
 157 0062 08        		.byte	0x8
 158 0063 07        		.byte	0x7
 159 0064 0000 0000 		.long	.LASF6
 160 0068 05        		.uleb128 0x5
 161 0069 01        		.byte	0x1
 162 006a 0000 0000 		.long	.LASF20
 163 006e 01        		.byte	0x1
 164 006f 45        		.byte	0x45
 165 0070 01        		.byte	0x1
 166 0071 3E00 0000 		.long	0x3e
 167 0075 0000 0000 		.long	.LFB4
 168 0079 0000 0000 		.long	.LFE4
 169 007d 03        		.byte	0x3
 170 007e 92        		.byte	0x92
 171 007f 20        		.uleb128 0x20
 172 0080 02        		.sleb128 2
 173 0081 01        		.byte	0x1
 174 0082 6B01 0000 		.long	0x16b
 175 0086 06        		.uleb128 0x6
 176 0087 0000 0000 		.long	.LVL0
 177 008b 6B01 0000 		.long	0x16b
 178 008f A000 0000 		.long	0xa0
 179 0093 07        		.uleb128 0x7
GAS LISTING C:\Users\Joe\AppData\Local\Temp\ccaARXtn.s 			page 6


 180 0094 06        		.byte	0x6
 181 0095 68        		.byte	0x68
 182 0096 93        		.byte	0x93
 183 0097 01        		.uleb128 0x1
 184 0098 69        		.byte	0x69
 185 0099 93        		.byte	0x93
 186 009a 01        		.uleb128 0x1
 187 009b 03        		.byte	0x3
 188 009c 0A        		.byte	0xa
 189 009d E803      		.word	0x3e8
 190 009f 00        		.byte	0
 191 00a0 06        		.uleb128 0x6
 192 00a1 0000 0000 		.long	.LVL1
 193 00a5 6B01 0000 		.long	0x16b
 194 00a9 BA00 0000 		.long	0xba
 195 00ad 07        		.uleb128 0x7
 196 00ae 06        		.byte	0x6
 197 00af 68        		.byte	0x68
 198 00b0 93        		.byte	0x93
 199 00b1 01        		.uleb128 0x1
 200 00b2 69        		.byte	0x69
 201 00b3 93        		.byte	0x93
 202 00b4 01        		.uleb128 0x1
 203 00b5 03        		.byte	0x3
 204 00b6 0A        		.byte	0xa
 205 00b7 E803      		.word	0x3e8
 206 00b9 00        		.byte	0
 207 00ba 06        		.uleb128 0x6
 208 00bb 0000 0000 		.long	.LVL2
 209 00bf 6B01 0000 		.long	0x16b
 210 00c3 D400 0000 		.long	0xd4
 211 00c7 07        		.uleb128 0x7
 212 00c8 06        		.byte	0x6
 213 00c9 68        		.byte	0x68
 214 00ca 93        		.byte	0x93
 215 00cb 01        		.uleb128 0x1
 216 00cc 69        		.byte	0x69
 217 00cd 93        		.byte	0x93
 218 00ce 01        		.uleb128 0x1
 219 00cf 03        		.byte	0x3
 220 00d0 0A        		.byte	0xa
 221 00d1 E803      		.word	0x3e8
 222 00d3 00        		.byte	0
 223 00d4 06        		.uleb128 0x6
 224 00d5 0000 0000 		.long	.LVL3
 225 00d9 6B01 0000 		.long	0x16b
 226 00dd EE00 0000 		.long	0xee
 227 00e1 07        		.uleb128 0x7
 228 00e2 06        		.byte	0x6
 229 00e3 68        		.byte	0x68
 230 00e4 93        		.byte	0x93
 231 00e5 01        		.uleb128 0x1
 232 00e6 69        		.byte	0x69
 233 00e7 93        		.byte	0x93
 234 00e8 01        		.uleb128 0x1
 235 00e9 03        		.byte	0x3
 236 00ea 0A        		.byte	0xa
GAS LISTING C:\Users\Joe\AppData\Local\Temp\ccaARXtn.s 			page 7


 237 00eb E803      		.word	0x3e8
 238 00ed 00        		.byte	0
 239 00ee 08        		.uleb128 0x8
 240 00ef 0000 0000 		.long	.LVL4
 241 00f3 7801 0000 		.long	0x178
 242 00f7 08        		.uleb128 0x8
 243 00f8 0000 0000 		.long	.LVL5
 244 00fc 8501 0000 		.long	0x185
 245 0100 08        		.uleb128 0x8
 246 0101 0000 0000 		.long	.LVL6
 247 0105 9201 0000 		.long	0x192
 248 0109 08        		.uleb128 0x8
 249 010a 0000 0000 		.long	.LVL7
 250 010e 9F01 0000 		.long	0x19f
 251 0112 08        		.uleb128 0x8
 252 0113 0000 0000 		.long	.LVL8
 253 0117 AC01 0000 		.long	0x1ac
 254 011b 08        		.uleb128 0x8
 255 011c 0000 0000 		.long	.LVL9
 256 0120 B901 0000 		.long	0x1b9
 257 0124 08        		.uleb128 0x8
 258 0125 0000 0000 		.long	.LVL10
 259 0129 C601 0000 		.long	0x1c6
 260 012d 06        		.uleb128 0x6
 261 012e 0000 0000 		.long	.LVL11
 262 0132 6B01 0000 		.long	0x16b
 263 0136 4701 0000 		.long	0x147
 264 013a 07        		.uleb128 0x7
 265 013b 06        		.byte	0x6
 266 013c 68        		.byte	0x68
 267 013d 93        		.byte	0x93
 268 013e 01        		.uleb128 0x1
 269 013f 69        		.byte	0x69
 270 0140 93        		.byte	0x93
 271 0141 01        		.uleb128 0x1
 272 0142 03        		.byte	0x3
 273 0143 0A        		.byte	0xa
 274 0144 E803      		.word	0x3e8
 275 0146 00        		.byte	0
 276 0147 06        		.uleb128 0x6
 277 0148 0000 0000 		.long	.LVL12
 278 014c 6B01 0000 		.long	0x16b
 279 0150 6101 0000 		.long	0x161
 280 0154 07        		.uleb128 0x7
 281 0155 06        		.byte	0x6
 282 0156 68        		.byte	0x68
 283 0157 93        		.byte	0x93
 284 0158 01        		.uleb128 0x1
 285 0159 69        		.byte	0x69
 286 015a 93        		.byte	0x93
 287 015b 01        		.uleb128 0x1
 288 015c 03        		.byte	0x3
 289 015d 0A        		.byte	0xa
 290 015e B80B      		.word	0xbb8
 291 0160 00        		.byte	0
 292 0161 08        		.uleb128 0x8
 293 0162 0000 0000 		.long	.LVL13
GAS LISTING C:\Users\Joe\AppData\Local\Temp\ccaARXtn.s 			page 8


 294 0166 D301 0000 		.long	0x1d3
 295 016a 00        		.byte	0
 296 016b 09        		.uleb128 0x9
 297 016c 01        		.byte	0x1
 298 016d 01        		.byte	0x1
 299 016e 0000 0000 		.long	.LASF7
 300 0172 0000 0000 		.long	.LASF7
 301 0176 02        		.byte	0x2
 302 0177 2D        		.byte	0x2d
 303 0178 09        		.uleb128 0x9
 304 0179 01        		.byte	0x1
 305 017a 01        		.byte	0x1
 306 017b 0000 0000 		.long	.LASF8
 307 017f 0000 0000 		.long	.LASF8
 308 0183 03        		.byte	0x3
 309 0184 2D        		.byte	0x2d
 310 0185 09        		.uleb128 0x9
 311 0186 01        		.byte	0x1
 312 0187 01        		.byte	0x1
 313 0188 0000 0000 		.long	.LASF9
 314 018c 0000 0000 		.long	.LASF9
 315 0190 04        		.byte	0x4
 316 0191 30        		.byte	0x30
 317 0192 09        		.uleb128 0x9
 318 0193 01        		.byte	0x1
 319 0194 01        		.byte	0x1
 320 0195 0000 0000 		.long	.LASF10
 321 0199 0000 0000 		.long	.LASF10
 322 019d 05        		.byte	0x5
 323 019e 3E        		.byte	0x3e
 324 019f 09        		.uleb128 0x9
 325 01a0 01        		.byte	0x1
 326 01a1 01        		.byte	0x1
 327 01a2 0000 0000 		.long	.LASF11
 328 01a6 0000 0000 		.long	.LASF11
 329 01aa 06        		.byte	0x6
 330 01ab 4A        		.byte	0x4a
 331 01ac 09        		.uleb128 0x9
 332 01ad 01        		.byte	0x1
 333 01ae 01        		.byte	0x1
 334 01af 0000 0000 		.long	.LASF12
 335 01b3 0000 0000 		.long	.LASF12
 336 01b7 07        		.byte	0x7
 337 01b8 3B        		.byte	0x3b
 338 01b9 09        		.uleb128 0x9
 339 01ba 01        		.byte	0x1
 340 01bb 01        		.byte	0x1
 341 01bc 0000 0000 		.long	.LASF13
 342 01c0 0000 0000 		.long	.LASF13
 343 01c4 08        		.byte	0x8
 344 01c5 40        		.byte	0x40
 345 01c6 09        		.uleb128 0x9
 346 01c7 01        		.byte	0x1
 347 01c8 01        		.byte	0x1
 348 01c9 0000 0000 		.long	.LASF14
 349 01cd 0000 0000 		.long	.LASF14
 350 01d1 09        		.byte	0x9
GAS LISTING C:\Users\Joe\AppData\Local\Temp\ccaARXtn.s 			page 9


 351 01d2 31        		.byte	0x31
 352 01d3 09        		.uleb128 0x9
 353 01d4 01        		.byte	0x1
 354 01d5 01        		.byte	0x1
 355 01d6 0000 0000 		.long	.LASF15
 356 01da 0000 0000 		.long	.LASF15
 357 01de 0A        		.byte	0xa
 358 01df 34        		.byte	0x34
 359 01e0 00        		.byte	0
 360               		.section	.debug_abbrev,"",@progbits
 361               	.Ldebug_abbrev0:
 362 0000 01        		.uleb128 0x1
 363 0001 11        		.uleb128 0x11
 364 0002 01        		.byte	0x1
 365 0003 25        		.uleb128 0x25
 366 0004 0E        		.uleb128 0xe
 367 0005 13        		.uleb128 0x13
 368 0006 0B        		.uleb128 0xb
 369 0007 03        		.uleb128 0x3
 370 0008 0E        		.uleb128 0xe
 371 0009 1B        		.uleb128 0x1b
 372 000a 0E        		.uleb128 0xe
 373 000b 11        		.uleb128 0x11
 374 000c 01        		.uleb128 0x1
 375 000d 12        		.uleb128 0x12
 376 000e 01        		.uleb128 0x1
 377 000f 10        		.uleb128 0x10
 378 0010 06        		.uleb128 0x6
 379 0011 00        		.byte	0
 380 0012 00        		.byte	0
 381 0013 02        		.uleb128 0x2
 382 0014 24        		.uleb128 0x24
 383 0015 00        		.byte	0
 384 0016 0B        		.uleb128 0xb
 385 0017 0B        		.uleb128 0xb
 386 0018 3E        		.uleb128 0x3e
 387 0019 0B        		.uleb128 0xb
 388 001a 03        		.uleb128 0x3
 389 001b 0E        		.uleb128 0xe
 390 001c 00        		.byte	0
 391 001d 00        		.byte	0
 392 001e 03        		.uleb128 0x3
 393 001f 16        		.uleb128 0x16
 394 0020 00        		.byte	0
 395 0021 03        		.uleb128 0x3
 396 0022 0E        		.uleb128 0xe
 397 0023 3A        		.uleb128 0x3a
 398 0024 0B        		.uleb128 0xb
 399 0025 3B        		.uleb128 0x3b
 400 0026 0B        		.uleb128 0xb
 401 0027 49        		.uleb128 0x49
 402 0028 13        		.uleb128 0x13
 403 0029 00        		.byte	0
 404 002a 00        		.byte	0
 405 002b 04        		.uleb128 0x4
 406 002c 24        		.uleb128 0x24
 407 002d 00        		.byte	0
GAS LISTING C:\Users\Joe\AppData\Local\Temp\ccaARXtn.s 			page 10


 408 002e 0B        		.uleb128 0xb
 409 002f 0B        		.uleb128 0xb
 410 0030 3E        		.uleb128 0x3e
 411 0031 0B        		.uleb128 0xb
 412 0032 03        		.uleb128 0x3
 413 0033 08        		.uleb128 0x8
 414 0034 00        		.byte	0
 415 0035 00        		.byte	0
 416 0036 05        		.uleb128 0x5
 417 0037 2E        		.uleb128 0x2e
 418 0038 01        		.byte	0x1
 419 0039 3F        		.uleb128 0x3f
 420 003a 0C        		.uleb128 0xc
 421 003b 03        		.uleb128 0x3
 422 003c 0E        		.uleb128 0xe
 423 003d 3A        		.uleb128 0x3a
 424 003e 0B        		.uleb128 0xb
 425 003f 3B        		.uleb128 0x3b
 426 0040 0B        		.uleb128 0xb
 427 0041 27        		.uleb128 0x27
 428 0042 0C        		.uleb128 0xc
 429 0043 49        		.uleb128 0x49
 430 0044 13        		.uleb128 0x13
 431 0045 11        		.uleb128 0x11
 432 0046 01        		.uleb128 0x1
 433 0047 12        		.uleb128 0x12
 434 0048 01        		.uleb128 0x1
 435 0049 40        		.uleb128 0x40
 436 004a 0A        		.uleb128 0xa
 437 004b 9742      		.uleb128 0x2117
 438 004d 0C        		.uleb128 0xc
 439 004e 01        		.uleb128 0x1
 440 004f 13        		.uleb128 0x13
 441 0050 00        		.byte	0
 442 0051 00        		.byte	0
 443 0052 06        		.uleb128 0x6
 444 0053 8982 01   		.uleb128 0x4109
 445 0056 01        		.byte	0x1
 446 0057 11        		.uleb128 0x11
 447 0058 01        		.uleb128 0x1
 448 0059 31        		.uleb128 0x31
 449 005a 13        		.uleb128 0x13
 450 005b 01        		.uleb128 0x1
 451 005c 13        		.uleb128 0x13
 452 005d 00        		.byte	0
 453 005e 00        		.byte	0
 454 005f 07        		.uleb128 0x7
 455 0060 8A82 01   		.uleb128 0x410a
 456 0063 00        		.byte	0
 457 0064 02        		.uleb128 0x2
 458 0065 0A        		.uleb128 0xa
 459 0066 9142      		.uleb128 0x2111
 460 0068 0A        		.uleb128 0xa
 461 0069 00        		.byte	0
 462 006a 00        		.byte	0
 463 006b 08        		.uleb128 0x8
 464 006c 8982 01   		.uleb128 0x4109
GAS LISTING C:\Users\Joe\AppData\Local\Temp\ccaARXtn.s 			page 11


 465 006f 00        		.byte	0
 466 0070 11        		.uleb128 0x11
 467 0071 01        		.uleb128 0x1
 468 0072 31        		.uleb128 0x31
 469 0073 13        		.uleb128 0x13
 470 0074 00        		.byte	0
 471 0075 00        		.byte	0
 472 0076 09        		.uleb128 0x9
 473 0077 2E        		.uleb128 0x2e
 474 0078 00        		.byte	0
 475 0079 3F        		.uleb128 0x3f
 476 007a 0C        		.uleb128 0xc
 477 007b 3C        		.uleb128 0x3c
 478 007c 0C        		.uleb128 0xc
 479 007d 8740      		.uleb128 0x2007
 480 007f 0E        		.uleb128 0xe
 481 0080 03        		.uleb128 0x3
 482 0081 0E        		.uleb128 0xe
 483 0082 3A        		.uleb128 0x3a
 484 0083 0B        		.uleb128 0xb
 485 0084 3B        		.uleb128 0x3b
 486 0085 0B        		.uleb128 0xb
 487 0086 00        		.byte	0
 488 0087 00        		.byte	0
 489 0088 00        		.byte	0
 490               		.section	.debug_aranges,"",@progbits
 491 0000 1C00 0000 		.long	0x1c
 492 0004 0200      		.word	0x2
 493 0006 0000 0000 		.long	.Ldebug_info0
 494 000a 04        		.byte	0x4
 495 000b 00        		.byte	0
 496 000c 0000      		.word	0
 497 000e 0000      		.word	0
 498 0010 0000 0000 		.long	.Ltext0
 499 0014 4600 0000 		.long	.Letext0-.Ltext0
 500 0018 0000 0000 		.long	0
 501 001c 0000 0000 		.long	0
 502               		.section	.debug_line,"",@progbits
 503               	.Ldebug_line0:
 504 0000 A001 0000 		.section	.debug_str,"MS",@progbits,1
 504      0200 0B01 
 504      0000 0201 
 504      FB0E 0A00 
 504      0101 0101 
 505               	.LASF7:
 506 0000 5574 696C 		.string	"Utility_delay"
 506      6974 795F 
 506      6465 6C61 
 506      7900 
 507               	.LASF8:
 508 000e 4465 6275 		.string	"DebugInt_init"
 508      6749 6E74 
 508      5F69 6E69 
 508      7400 
 509               	.LASF10:
 510 001c 4932 4349 		.string	"I2CInt_init"
 510      6E74 5F69 
GAS LISTING C:\Users\Joe\AppData\Local\Temp\ccaARXtn.s 			page 12


 510      6E69 7400 
 511               	.LASF1:
 512 0028 756E 7369 		.string	"unsigned char"
 512      676E 6564 
 512      2063 6861 
 512      7200 
 513               	.LASF4:
 514 0036 6C6F 6E67 		.string	"long unsigned int"
 514      2075 6E73 
 514      6967 6E65 
 514      6420 696E 
 514      7400 
 515               	.LASF13:
 516 0048 5549 4D67 		.string	"UIMgr_init"
 516      725F 696E 
 516      6974 00
 517               	.LASF18:
 518 0053 433A 5C77 		.string	"C:\\workspace\\AVRcam\\MainController"
 518      6F72 6B73 
 518      7061 6365 
 518      5C41 5652 
 518      6361 6D5C 
 519               	.LASF20:
 520 0076 6D61 696E 		.string	"main"
 520      00
 521               	.LASF2:
 522 007b 756E 7369 		.string	"unsigned int"
 522      676E 6564 
 522      2069 6E74 
 522      00
 523               	.LASF15:
 524 0088 4578 6563 		.string	"Exec_run"
 524      5F72 756E 
 524      00
 525               	.LASF6:
 526 0091 6C6F 6E67 		.string	"long long unsigned int"
 526      206C 6F6E 
 526      6720 756E 
 526      7369 676E 
 526      6564 2069 
 527               	.LASF19:
 528 00a8 7569 6E74 		.string	"uint8_t"
 528      385F 7400 
 529               	.LASF17:
 530 00b0 4D61 696E 		.string	"Main.c"
 530      2E63 00
 531               	.LASF5:
 532 00b7 6C6F 6E67 		.string	"long long int"
 532      206C 6F6E 
 532      6720 696E 
 532      7400 
 533               	.LASF12:
 534 00c5 4361 6D43 		.string	"CamConfig_init"
 534      6F6E 6669 
 534      675F 696E 
 534      6974 00
 535               	.LASF9:
GAS LISTING C:\Users\Joe\AppData\Local\Temp\ccaARXtn.s 			page 13


 536 00d4 5561 7274 		.string	"UartInt_init"
 536      496E 745F 
 536      696E 6974 
 536      00
 537               	.LASF11:
 538 00e1 4361 6D49 		.string	"CamInt_init"
 538      6E74 5F69 
 538      6E69 7400 
 539               	.LASF16:
 540 00ed 474E 5520 		.string	"GNU C11 5.4.0 -mn-flash=1 -mno-skip-bug -mmcu=avr4 -g -O1 -funsigned-char -funsigned-bitf
 540      4331 3120 
 540      352E 342E 
 540      3020 2D6D 
 540      6E2D 666C 
 541               	.LASF3:
 542 0168 6C6F 6E67 		.string	"long int"
 542      2069 6E74 
 542      00
 543               	.LASF0:
 544 0171 7369 676E 		.string	"signed char"
 544      6564 2063 
 544      6861 7200 
 545               	.LASF14:
 546 017d 4672 616D 		.string	"FrameMgr_init"
 546      654D 6772 
 546      5F69 6E69 
 546      7400 
 547               		.ident	"GCC: (AVR_8_bit_GNU_Toolchain_3.6.0_1734) 5.4.0"
GAS LISTING C:\Users\Joe\AppData\Local\Temp\ccaARXtn.s 			page 14


DEFINED SYMBOLS
                            *ABS*:00000000 Main.c
C:\Users\Joe\AppData\Local\Temp\ccaARXtn.s:2      *ABS*:0000003e __SP_H__
C:\Users\Joe\AppData\Local\Temp\ccaARXtn.s:3      *ABS*:0000003d __SP_L__
C:\Users\Joe\AppData\Local\Temp\ccaARXtn.s:4      *ABS*:0000003f __SREG__
C:\Users\Joe\AppData\Local\Temp\ccaARXtn.s:5      *ABS*:00000000 __tmp_reg__
C:\Users\Joe\AppData\Local\Temp\ccaARXtn.s:6      *ABS*:00000001 __zero_reg__
C:\Users\Joe\AppData\Local\Temp\ccaARXtn.s:12     .text:00000000 main

UNDEFINED SYMBOLS
Utility_delay
DebugInt_init
UartInt_init
I2CInt_init
CamInt_init
CamConfig_init
UIMgr_init
FrameMgr_init
Exec_run
